{
  "RSpec": {
    "coverage": {
      "/home/visrut/dev/loomio/app/controllers/api/b2/discussions_controller.rb": {
        "lines": [
          1,
          1,
          0,
          0,
          null,
          null,
          1,
          4,
          4,
          2,
          null,
          null
        ]
      },
      "/home/visrut/dev/loomio/app/controllers/api/b2/base_controller.rb": {
        "lines": [
          1,
          1,
          1,
          1,
          null,
          1,
          25,
          null,
          null,
          1,
          84,
          null,
          null,
          1,
          1,
          10,
          10,
          10,
          10,
          10,
          10,
          10,
          null,
          null,
          10,
          null,
          null
        ]
      },
      "/home/visrut/dev/loomio/app/controllers/api/v1/snorlax_base.rb": {
        "lines": [
          1,
          105,
          2,
          6,
          3,
          9,
          4,
          1,
          null,
          1,
          0,
          null,
          null,
          1,
          8,
          7,
          null,
          null,
          1,
          41,
          41,
          25,
          null,
          null,
          1,
          38,
          38,
          25,
          null,
          null,
          1,
          3,
          3,
          1,
          null,
          null,
          1,
          null,
          1,
          0,
          0,
          null,
          0,
          null,
          null,
          null,
          1,
          23,
          null,
          null,
          1,
          39,
          null,
          null,
          1,
          3,
          null,
          null,
          1,
          155,
          null,
          null,
          1,
          147,
          null,
          null,
          1,
          0,
          null,
          null,
          1,
          127,
          120,
          null,
          7,
          null,
          null,
          null,
          1,
          2,
          null,
          null,
          1,
          223,
          null,
          null,
          1,
          224,
          null,
          null,
          1,
          3,
          3,
          null,
          null,
          null,
          1,
          780,
          205,
          null,
          575,
          null,
          null,
          null,
          1,
          160,
          160,
          3,
          157,
          58,
          null,
          99,
          null,
          null,
          null,
          1,
          167,
          167,
          3,
          164,
          58,
          null,
          106,
          null,
          null,
          null,
          1,
          null,
          230,
          null,
          null,
          null,
          null,
          null,
          1,
          407,
          null,
          null,
          null,
          1,
          0,
          0,
          null,
          null,
          null,
          1,
          1,
          null,
          null,
          null,
          1,
          802,
          null,
          null,
          1,
          498,
          null,
          null,
          1,
          167,
          null,
          null,
          1,
          278,
          null,
          null,
          1,
          67,
          null,
          null,
          1,
          207,
          207,
          207,
          560,
          null,
          207,
          null,
          null,
          1,
          47,
          45,
          45,
          45,
          45,
          45,
          null,
          null,
          1,
          45,
          4,
          4,
          null,
          41,
          null,
          null,
          null,
          1,
          12,
          null,
          null,
          1,
          45,
          null,
          null,
          1,
          45,
          0,
          null,
          45,
          null,
          null,
          null,
          1,
          0,
          0,
          null,
          0,
          null,
          null,
          null,
          1,
          0,
          null,
          null,
          1,
          39,
          null,
          null,
          1,
          0,
          null,
          null,
          1,
          44,
          null,
          null,
          1,
          26,
          null,
          null,
          1,
          24,
          null,
          null,
          1,
          1,
          null,
          null,
          1,
          5,
          null,
          null,
          1,
          3,
          null,
          null,
          1,
          85,
          null,
          null,
          1,
          161,
          null,
          null,
          1,
          98,
          null,
          null,
          1,
          2424,
          null,
          null,
          1,
          263,
          null,
          null,
          1,
          120,
          null,
          null,
          1,
          1,
          null,
          null,
          1,
          11,
          null,
          null
        ]
      },
      "/home/visrut/dev/loomio/app/controllers/api/b2/memberships_controller.rb": {
        "lines": [
          1,
          1,
          8,
          null,
          4,
          4,
          4,
          null,
          4,
          null,
          null,
          null,
          null,
          4,
          null,
          4,
          4,
          2,
          null,
          null,
          null,
          2,
          2,
          null,
          null,
          null,
          null,
          null,
          null,
          4,
          null,
          null,
          null,
          null,
          null,
          1,
          0,
          0,
          null,
          null,
          1,
          0,
          null,
          null,
          1,
          18,
          17,
          null,
          17,
          3,
          null,
          14,
          null,
          null,
          1,
          0,
          null,
          null
        ]
      },
      "/home/visrut/dev/loomio/app/controllers/api/b2/polls_controller.rb": {
        "lines": [
          1,
          1,
          0,
          0,
          null,
          null,
          1,
          6,
          6,
          4,
          4,
          null,
          1,
          null,
          null,
          null
        ]
      },
      "/home/visrut/dev/loomio/app/controllers/api/b3/users_controller.rb": {
        "lines": [
          1,
          1,
          1,
          1,
          null,
          1,
          7,
          7,
          null,
          null,
          1,
          2,
          1,
          1,
          null,
          null,
          1,
          2,
          1,
          1,
          null,
          null
        ]
      },
      "/home/visrut/dev/loomio/app/controllers/api/v1/announcements_controller.rb": {
        "lines": [
          1,
          1,
          0,
          null,
          0,
          null,
          null,
          0,
          null,
          null,
          0,
          null,
          null,
          null,
          null,
          null,
          null,
          0,
          null,
          null,
          1,
          0,
          null,
          0,
          null,
          null,
          null,
          null,
          0,
          null,
          null,
          null,
          1,
          2,
          null,
          null,
          null,
          null,
          null,
          null,
          null,
          null,
          null,
          null,
          2,
          null,
          null,
          1,
          null,
          0,
          0,
          null,
          0,
          null,
          null,
          null,
          null,
          null,
          0,
          null,
          null,
          1,
          52,
          10,
          8,
          41,
          9,
          7,
          7,
          32,
          15,
          13,
          17,
          17,
          15,
          null,
          null,
          null,
          1,
          null,
          0,
          null,
          0,
          null,
          null,
          null,
          null,
          0,
          null,
          null,
          1,
          1,
          null,
          1,
          null,
          1,
          null,
          1,
          null,
          null,
          0,
          null,
          null,
          1,
          null,
          null,
          0,
          null,
          null,
          1,
          1,
          1,
          1,
          null,
          null,
          1,
          1,
          null,
          null,
          null,
          null,
          1,
          null,
          1,
          null,
          null,
          1,
          null,
          1,
          1,
          0,
          0,
          0,
          0,
          null,
          1,
          null,
          null,
          1,
          null,
          null,
          1,
          2,
          null,
          null,
          null,
          null,
          null,
          null,
          null,
          null,
          null,
          null,
          null,
          null,
          null,
          null,
          null,
          null,
          null,
          1,
          43,
          43,
          null,
          0,
          null,
          null,
          43,
          43,
          null,
          null,
          null,
          1,
          0,
          null,
          null,
          null,
          null,
          null,
          1,
          379,
          null,
          null,
          null,
          null,
          null,
          null
        ]
      },
      "/home/visrut/dev/loomio/app/controllers/api/v1/restful_controller.rb": {
        "lines": [
          1,
          1,
          1,
          1,
          1,
          1,
          1,
          1,
          null,
          1,
          1,
          1,
          1,
          1,
          null,
          1,
          1,
          5,
          0,
          null,
          null,
          null
        ]
      },
      "/home/visrut/dev/loomio/app/controllers/api/v1/attachments_controller.rb": {
        "lines": [
          1,
          1,
          null,
          1,
          1,
          1,
          1,
          1,
          null,
          null,
          1,
          2,
          1,
          1,
          1,
          1,
          1,
          1,
          1,
          null,
          null,
          1,
          0,
          null,
          null,
          1,
          1,
          null,
          null,
          1,
          0,
          null,
          null,
          1,
          1,
          null,
          null
        ]
      },
      "/home/visrut/dev/loomio/app/controllers/api/v1/comments_controller.rb": {
        "lines": [
          1,
          1,
          2,
          2,
          1,
          null,
          null,
          1,
          0,
          0,
          0,
          null,
          null,
          1,
          0,
          0,
          0,
          0,
          0,
          null,
          null
        ]
      },
      "/home/visrut/dev/loomio/app/controllers/api/v1/discussions_controller.rb": {
        "lines": [
          1,
          1,
          16,
          15,
          0,
          null,
          15,
          null,
          11,
          null,
          null,
          1,
          15,
          null,
          null,
          1,
          6,
          null,
          4,
          0,
          0,
          null,
          0,
          null,
          null,
          null,
          null,
          4,
          0,
          0,
          null,
          null,
          4,
          4,
          null,
          null,
          1,
          7,
          7,
          7,
          null,
          7,
          null,
          null,
          1,
          5,
          4,
          8,
          4,
          null,
          null,
          1,
          0,
          null,
          null,
          null,
          null,
          null,
          0,
          0,
          null,
          null,
          1,
          5,
          4,
          8,
          4,
          null,
          null,
          1,
          0,
          0,
          0,
          null,
          null,
          1,
          1,
          1,
          null,
          null,
          1,
          0,
          null,
          0,
          0,
          null,
          0,
          0,
          null,
          null,
          null,
          0,
          null,
          null,
          null,
          1,
          2,
          1,
          null,
          null,
          1,
          1,
          1,
          null,
          null,
          1,
          1,
          1,
          null,
          null,
          1,
          1,
          1,
          null,
          null,
          1,
          3,
          1,
          null,
          null,
          1,
          3,
          1,
          null,
          null,
          1,
          7,
          5,
          null,
          null,
          1,
          3,
          1,
          null,
          null,
          1,
          1,
          1,
          null,
          null,
          1,
          2,
          null,
          null,
          1,
          0,
          0,
          0,
          null,
          null,
          1,
          1,
          7,
          null,
          0,
          null,
          0,
          0,
          null,
          0,
          null,
          null,
          7,
          null,
          null,
          null,
          1,
          7,
          null,
          null,
          1,
          7,
          null,
          null,
          1,
          15,
          null,
          null,
          null,
          null,
          null,
          null,
          1,
          2,
          1,
          null,
          null
        ]
      },
      "/home/visrut/dev/loomio/app/controllers/api/v1/documents_controller.rb": {
        "lines": [
          1,
          null,
          1,
          7,
          5,
          5,
          null,
          null,
          1,
          2,
          1,
          null,
          null,
          null,
          null,
          1,
          null,
          null,
          1,
          null,
          1,
          7,
          5,
          null,
          0,
          null,
          null,
          null,
          1,
          5,
          null,
          0,
          null,
          5,
          null,
          5,
          null,
          null,
          1,
          0,
          null,
          null,
          null,
          null,
          null,
          null,
          1,
          null,
          0,
          null,
          null,
          null,
          null,
          null,
          null,
          null
        ]
      },
      "/home/visrut/dev/loomio/app/controllers/api/v1/events_controller.rb": {
        "lines": [
          1,
          1,
          0,
          0,
          0,
          null,
          null,
          1,
          0,
          0,
          null,
          null,
          0,
          null,
          null,
          1,
          0,
          0,
          null,
          null,
          1,
          2,
          2,
          1,
          null,
          null,
          1,
          1,
          1,
          1,
          1,
          null,
          null,
          1,
          0,
          0,
          0,
          0,
          null,
          null,
          1,
          null,
          1,
          56,
          null,
          null,
          1,
          7,
          null,
          null,
          1,
          7,
          0,
          0,
          7,
          0,
          null,
          7,
          null,
          null,
          null,
          1,
          8,
          7,
          null,
          7,
          0,
          null,
          7,
          null,
          null,
          7,
          0,
          null,
          0,
          null,
          null,
          7,
          0,
          null,
          null,
          7,
          0,
          null,
          null,
          7,
          35,
          null,
          null,
          35,
          35,
          35,
          35,
          35,
          35,
          null,
          null,
          7,
          null,
          null,
          1,
          7,
          0,
          0,
          0,
          0,
          null,
          7,
          null,
          null,
          null,
          1,
          5,
          null,
          null
        ]
      },
      "/home/visrut/dev/loomio/app/controllers/api/v1/groups_controller.rb": {
        "lines": [
          1,
          1,
          0,
          0,
          null,
          null,
          1,
          3,
          null,
          null,
          1,
          0,
          0,
          0,
          null,
          null,
          1,
          6,
          5,
          5,
          null,
          null,
          1,
          1,
          1,
          1,
          1,
          null,
          null,
          0,
          0,
          0,
          null,
          1,
          null,
          null,
          1,
          1,
          null,
          null,
          1,
          0,
          0,
          null,
          null,
          1,
          0,
          0,
          0,
          null,
          null,
          1,
          2,
          1,
          null,
          null,
          1,
          0,
          0,
          0,
          null,
          null,
          1,
          null,
          1,
          0,
          0,
          null,
          null,
          1,
          1,
          null,
          null
        ]
      },
      "/home/visrut/dev/loomio/app/controllers/api/v1/login_tokens_controller.rb": {
        "lines": [
          1,
          1,
          4,
          2,
          2,
          null,
          null,
          1,
          1,
          6,
          null,
          null
        ]
      },
      "/home/visrut/dev/loomio/app/controllers/api/v1/membership_requests_controller.rb": {
        "lines": [
          1,
          null,
          1,
          null,
          1,
          1,
          1,
          null,
          null,
          1,
          0,
          0,
          0,
          null,
          null,
          1,
          1,
          1,
          null,
          null,
          1,
          2,
          1,
          null,
          null,
          1,
          2,
          1,
          null,
          null,
          1,
          null,
          1,
          4,
          4,
          null,
          null
        ]
      },
      "/home/visrut/dev/loomio/app/controllers/api/v1/memberships_controller.rb": {
        "lines": [
          1,
          1,
          null,
          1,
          5,
          5,
          5,
          0,
          0,
          null,
          5,
          null,
          5,
          null,
          null,
          1,
          0,
          null,
          null,
          null,
          1,
          1,
          1,
          1,
          1,
          1,
          null,
          1,
          null,
          null,
          1,
          0,
          0,
          0,
          null,
          null,
          1,
          0,
          0,
          null,
          null,
          1,
          3,
          1,
          null,
          null,
          1,
          0,
          0,
          null,
          null,
          1,
          0,
          0,
          null,
          null,
          1,
          3,
          3,
          null,
          null,
          1,
          2,
          2,
          1,
          null,
          null,
          1,
          6,
          6,
          5,
          3,
          3,
          3,
          null,
          3,
          null,
          null,
          null,
          1,
          1,
          0,
          null,
          null,
          1,
          6,
          null,
          null,
          1,
          5,
          null,
          null,
          1,
          5,
          null,
          null,
          null,
          null,
          null,
          1,
          6,
          null,
          null
        ]
      },
      "/home/visrut/dev/loomio/app/controllers/api/v1/outcomes_controller.rb": {
        "lines": [
          1,
          1,
          9,
          null,
          null,
          1,
          16,
          null,
          null
        ]
      },
      "/home/visrut/dev/loomio/app/controllers/api/v1/polls_controller.rb": {
        "lines": [
          1,
          1,
          2,
          1,
          1,
          null,
          null,
          1,
          0,
          0,
          null,
          null,
          1,
          8,
          8,
          null,
          8,
          null,
          null,
          1,
          4,
          1,
          null,
          null,
          1,
          3,
          1,
          null,
          null,
          1,
          2,
          2,
          1,
          null,
          null,
          1,
          1,
          1,
          null,
          null,
          1,
          0,
          0,
          0,
          null,
          0,
          null,
          0,
          0,
          null,
          null,
          1,
          1,
          9,
          null,
          null,
          1,
          8,
          null,
          null
        ]
      },
      "/home/visrut/dev/loomio/app/controllers/api/v1/profile_controller.rb": {
        "lines": [
          1,
          1,
          null,
          1,
          0,
          0,
          0,
          0,
          null,
          null,
          1,
          3,
          2,
          null,
          null,
          1,
          0,
          null,
          0,
          null,
          0,
          null,
          null,
          1,
          0,
          null,
          0,
          0,
          null,
          null,
          1,
          0,
          null,
          0,
          null,
          null,
          null,
          0,
          null,
          null,
          1,
          4,
          4,
          null,
          4,
          null,
          null,
          1,
          2,
          1,
          1,
          null,
          null,
          1,
          0,
          null,
          null,
          1,
          0,
          0,
          null,
          null,
          1,
          0,
          0,
          null,
          null,
          1,
          3,
          2,
          null,
          null,
          1,
          2,
          2,
          null,
          null,
          1,
          1,
          1,
          null,
          null,
          1,
          0,
          null,
          null,
          1,
          0,
          0,
          null,
          null,
          1,
          1,
          1,
          null,
          null,
          1,
          3,
          2,
          1,
          null,
          null,
          1,
          0,
          null,
          null,
          1,
          0,
          null,
          null,
          1,
          0,
          0,
          null,
          null,
          1,
          5,
          4,
          null,
          null,
          1,
          1,
          10,
          null,
          null,
          1,
          4,
          null,
          null,
          null,
          null,
          null,
          null,
          null,
          1,
          4,
          null,
          null,
          1,
          30,
          null,
          null,
          1,
          0,
          null,
          null,
          1,
          0,
          null,
          null,
          1,
          3,
          null,
          null,
          1,
          8,
          null,
          null,
          1,
          7,
          0,
          null,
          7,
          null,
          null,
          null,
          1,
          10,
          null,
          null,
          1,
          9,
          null,
          null
        ]
      },
      "/home/visrut/dev/loomio/app/controllers/api/v1/reactions_controller.rb": {
        "lines": [
          1,
          1,
          null,
          1,
          2,
          10,
          6,
          null,
          2,
          1,
          1,
          null,
          null,
          1,
          null,
          1,
          0,
          null,
          null,
          1,
          2,
          2,
          0,
          null,
          null,
          null,
          1,
          2,
          null,
          null,
          1,
          4,
          4,
          0,
          null,
          null,
          null
        ]
      },
      "/home/visrut/dev/loomio/app/controllers/api/v1/received_emails_controller.rb": {
        "lines": [
          1,
          1,
          3,
          1,
          1,
          null,
          null,
          1,
          2,
          1,
          1,
          null,
          null,
          1,
          0,
          0,
          0,
          0,
          null,
          null,
          1,
          3,
          2,
          1,
          null,
          1,
          1,
          null,
          null,
          null,
          null,
          null,
          null,
          null,
          1,
          1,
          null,
          null,
          null,
          1,
          2,
          1,
          null,
          null,
          null,
          null,
          null,
          1,
          1,
          null,
          null,
          1,
          null,
          1,
          1,
          null,
          null
        ]
      },
      "/home/visrut/dev/loomio/app/controllers/api/v1/registrations_controller.rb": {
        "lines": [
          1,
          1,
          1,
          1,
          null,
          1,
          10,
          10,
          9,
          7,
          7,
          2,
          2,
          2,
          null,
          5,
          5,
          null,
          7,
          null,
          2,
          null,
          null,
          1,
          null,
          null,
          1,
          1,
          10,
          null,
          null,
          null,
          null,
          null,
          null,
          1,
          2,
          2,
          null,
          null,
          1,
          10,
          0,
          null,
          null,
          null,
          1,
          10,
          20,
          null,
          null,
          null
        ]
      },
      "/home/visrut/dev/loomio/app/controllers/api/v1/search_controller.rb": {
        "lines": [
          1,
          1,
          4,
          2,
          null,
          null,
          4,
          2,
          null,
          null,
          4,
          1,
          null,
          null,
          4,
          0,
          0,
          0,
          null,
          null,
          4,
          0,
          null,
          null,
          4,
          0,
          null,
          null,
          4,
          0,
          null,
          null,
          4,
          null,
          null,
          4,
          4,
          4,
          4,
          null,
          4,
          null,
          null,
          null,
          null,
          4,
          30,
          null,
          null,
          null,
          4,
          30,
          30,
          30,
          30,
          30,
          30,
          null,
          null,
          null,
          null,
          null,
          null,
          null,
          null,
          null,
          null,
          null,
          null,
          null,
          null,
          null,
          null,
          null,
          30,
          null,
          null,
          null,
          4,
          null,
          null,
          null,
          1,
          1,
          24,
          24,
          58,
          null,
          24,
          null,
          null,
          1,
          8,
          null,
          null,
          1,
          3,
          2,
          1,
          0,
          1,
          0,
          null,
          1,
          null,
          null,
          null,
          1,
          12,
          null,
          null,
          1,
          4,
          null,
          null,
          1,
          4,
          null,
          null
        ]
      },
      "/home/visrut/dev/loomio/app/controllers/api/v1/sessions_controller.rb": {
        "lines": [
          1,
          1,
          1,
          null,
          1,
          9,
          4,
          4,
          4,
          4,
          4,
          null,
          5,
          null,
          9,
          null,
          null,
          1,
          0,
          null,
          null,
          0,
          0,
          0,
          0,
          0,
          null,
          null,
          0,
          0,
          null,
          null,
          1,
          null,
          1,
          5,
          0,
          null,
          5,
          null,
          null,
          null,
          1,
          9,
          3,
          6,
          0,
          null,
          6,
          null,
          null,
          null,
          1,
          0,
          0,
          null,
          null,
          1,
          9,
          0,
          null,
          null,
          null
        ]
      },
      "/home/visrut/dev/loomio/app/controllers/api/v1/stances_controller.rb": {
        "lines": [
          1,
          1,
          12,
          null,
          1,
          null,
          null,
          1,
          1,
          null,
          null,
          1,
          3,
          2,
          1,
          null,
          null,
          1,
          3,
          2,
          0,
          null,
          null,
          null,
          null,
          null,
          null,
          null,
          null,
          null,
          2,
          2,
          0,
          null,
          null,
          null,
          2,
          null,
          2,
          null,
          null,
          1,
          1,
          1,
          0,
          null,
          null,
          null,
          null,
          null,
          null,
          null,
          null,
          1,
          1,
          1,
          1,
          1,
          null,
          1,
          null,
          null,
          1,
          0,
          0,
          0,
          0,
          null,
          null,
          1,
          3,
          3,
          1,
          1,
          null,
          null,
          1,
          1,
          1,
          1,
          1,
          1,
          null,
          null,
          1,
          2,
          2,
          null,
          null,
          1,
          null,
          null,
          1,
          1,
          null,
          1,
          1,
          1,
          null,
          null,
          1,
          null,
          1,
          1,
          null,
          0,
          null,
          null,
          null,
          0,
          0,
          null,
          null,
          1,
          1,
          1,
          1,
          null,
          null,
          1,
          16,
          16,
          16,
          12,
          null,
          null,
          1,
          32,
          null,
          null,
          1,
          16,
          null,
          null,
          1,
          4,
          null,
          null
        ]
      },
      "/home/visrut/dev/loomio/app/controllers/api/v1/tags_controller.rb": {
        "lines": [
          1,
          1,
          0,
          0,
          0,
          null,
          null,
          0,
          null,
          null,
          0,
          null,
          null,
          1,
          1,
          1,
          1,
          null,
          null,
          1,
          1,
          null,
          null,
          1,
          0,
          null,
          null,
          1,
          0,
          null,
          null,
          1,
          0,
          0,
          null,
          null
        ]
      },
      "/home/visrut/dev/loomio/app/controllers/api/v1/tasks_controller.rb": {
        "lines": [
          1,
          1,
          null,
          null,
          1,
          null,
          null,
          1,
          null,
          null,
          1,
          2,
          2,
          null,
          2,
          null,
          2,
          null,
          null,
          null,
          1,
          2,
          2,
          null,
          2,
          null,
          2,
          null,
          null,
          null,
          1,
          1,
          1,
          null,
          1,
          null,
          1,
          null,
          null,
          1,
          1,
          2,
          null,
          null,
          null,
          null,
          null,
          null
        ]
      },
      "/home/visrut/dev/loomio/app/controllers/api/v1/trials_controller.rb": {
        "lines": [
          1,
          1,
          1,
          null,
          1,
          1,
          1,
          1,
          1,
          1,
          1,
          null,
          null,
          1,
          null,
          null,
          1,
          null,
          1,
          1,
          1,
          1,
          1,
          null,
          1,
          1,
          null,
          1,
          null,
          1,
          null,
          1,
          null,
          null
        ]
      },
      "/home/visrut/dev/loomio/app/controllers/api/v1/versions_controller.rb": {
        "lines": [
          1,
          1,
          2,
          1,
          null,
          null,
          1,
          null,
          1,
          2,
          null,
          null,
          1,
          1,
          null,
          null,
          1,
          1,
          null,
          null,
          1,
          2,
          null,
          null,
          null,
          null,
          null,
          null,
          null
        ]
      },
      "/home/visrut/dev/loomio/app/controllers/discussions_controller.rb": {
        "lines": [
          1,
          null
        ]
      },
      "/home/visrut/dev/loomio/app/controllers/email_actions_controller.rb": {
        "lines": [
          1,
          1,
          2,
          null,
          2,
          0,
          null,
          2,
          1,
          null,
          1,
          null,
          null,
          null,
          2,
          null,
          null,
          1,
          3,
          null,
          null,
          null,
          null,
          null,
          null,
          2,
          2,
          null,
          1,
          null,
          null,
          1,
          1,
          1,
          null,
          0,
          null,
          null,
          1,
          1,
          null,
          1,
          1,
          0,
          0,
          null,
          2,
          null,
          null,
          null,
          1,
          null,
          1,
          5,
          null,
          null,
          1,
          7,
          null,
          null,
          1,
          4,
          null,
          null
        ]
      },
      "/home/visrut/dev/loomio/app/controllers/authenticate_by_unsubscribe_token_controller.rb": {
        "lines": [
          1,
          1,
          null,
          1,
          null,
          1,
          13,
          null,
          null,
          1,
          7,
          0,
          null,
          null,
          null
        ]
      },
      "/home/visrut/dev/loomio/app/controllers/groups_controller.rb": {
        "lines": [
          1,
          1,
          1,
          1,
          1,
          1,
          1,
          null,
          0,
          0,
          null,
          0,
          null,
          null,
          1,
          1,
          1,
          null,
          null,
          1,
          3,
          1,
          1,
          null,
          null,
          null
        ]
      },
      "/home/visrut/dev/loomio/app/controllers/login_tokens_controller.rb": {
        "lines": [
          1,
          null,
          1,
          2,
          2,
          null,
          null,
          1,
          null,
          1,
          4,
          null,
          null
        ]
      },
      "/home/visrut/dev/loomio/app/controllers/manifest_controller.rb": {
        "lines": [
          1,
          1,
          null,
          1,
          null,
          1,
          1,
          null,
          null,
          null,
          null,
          null,
          null,
          null,
          6,
          null,
          null,
          null,
          1,
          null,
          1,
          null,
          6,
          null,
          null,
          null,
          null,
          null
        ]
      },
      "/home/visrut/dev/loomio/app/controllers/memberships_controller.rb": {
        "lines": [
          1,
          1,
          null,
          1,
          1,
          1,
          1,
          null,
          null,
          1,
          8,
          6,
          null,
          2,
          null,
          null,
          1,
          4,
          null,
          null,
          1,
          null,
          1,
          14,
          null,
          null,
          1,
          7,
          7,
          7,
          null,
          null,
          null
        ]
      },
      "/home/visrut/dev/loomio/app/controllers/merge_users_controller.rb": {
        "lines": [
          1,
          1,
          null,
          1,
          0,
          0,
          0,
          0,
          0,
          null,
          0,
          null,
          null,
          null,
          1,
          2,
          2,
          2,
          2,
          1,
          1,
          null,
          1,
          null,
          null,
          null,
          null
        ]
      },
      "/home/visrut/dev/loomio/app/controllers/polls_controller.rb": {
        "lines": [
          1,
          null,
          1,
          1,
          1,
          null,
          1,
          null,
          1,
          3,
          2,
          2,
          null,
          2,
          2,
          3,
          null,
          null,
          null,
          1,
          0,
          0,
          null,
          0,
          null,
          null,
          null,
          1,
          null,
          1,
          0,
          null,
          null
        ]
      },
      "/home/visrut/dev/loomio/app/helpers/uses_metadata.rb": {
        "lines": [
          1,
          1,
          1,
          0,
          0,
          0,
          0,
          null,
          null,
          null,
          1,
          null,
          1,
          1,
          0,
          null,
          0,
          null,
          null,
          null,
          1,
          1,
          null,
          null,
          null,
          1,
          3,
          null,
          null
        ]
      },
      "/home/visrut/dev/loomio/app/controllers/received_emails_controller.rb": {
        "lines": [
          1,
          1,
          null,
          1,
          13,
          null,
          13,
          13,
          13,
          null,
          null,
          13,
          null,
          null,
          1,
          null,
          1,
          13,
          null,
          13,
          null,
          null,
          null,
          13,
          13,
          null,
          null,
          13,
          null,
          0,
          null,
          null,
          null,
          null,
          null,
          13,
          null,
          null
        ]
      },
      "/home/visrut/dev/loomio/app/controllers/redirect_controller.rb": {
        "lines": [
          1,
          1,
          1,
          null,
          null,
          1,
          1,
          null,
          null,
          1,
          0,
          null,
          null,
          1,
          null,
          1,
          2,
          2,
          null,
          0,
          null,
          null,
          null
        ]
      },
      "/home/visrut/dev/loomio/app/controllers/users_controller.rb": {
        "lines": [
          1,
          1,
          null
        ]
      },
      "/home/visrut/dev/loomio/app/extras/model_locator.rb": {
        "lines": [
          1,
          null,
          1,
          490,
          null,
          490,
          5,
          485,
          119,
          27,
          null,
          366,
          216,
          null,
          150,
          null,
          null,
          null,
          1,
          466,
          null,
          null,
          1,
          null,
          1,
          211,
          null,
          null,
          1,
          54,
          null,
          null,
          1,
          1134,
          null,
          null,
          1,
          863,
          null,
          null
        ]
      },
      "/home/visrut/dev/loomio/app/extras/queries/explore_groups.rb": {
        "lines": [
          1,
          1,
          11,
          11,
          11,
          null,
          11,
          null,
          null,
          null,
          null,
          null,
          null,
          11,
          0,
          null,
          null,
          null,
          11,
          null,
          null,
          1,
          6,
          6,
          null,
          null,
          1,
          42,
          null,
          null
        ]
      },
      "/home/visrut/dev/loomio/app/extras/queries/users_by_volume_query.rb": {
        "lines": [
          1,
          1,
          680,
          null,
          null,
          1,
          673,
          null,
          null,
          1,
          740,
          null,
          null,
          1,
          4,
          257,
          null,
          null,
          null,
          1,
          null,
          1,
          1677,
          1676,
          null,
          null,
          null,
          null,
          null,
          null,
          null,
          null,
          null,
          null
        ]
      },
      "/home/visrut/dev/loomio/app/extras/range_set.rb": {
        "lines": [
          1,
          1,
          437,
          496,
          null,
          null,
          null,
          1,
          66,
          66,
          null,
          null,
          1,
          13,
          null,
          null,
          null,
          1,
          27,
          9,
          null,
          null,
          1,
          null,
          null,
          null,
          1297,
          null,
          1297,
          null,
          457,
          null,
          476,
          null,
          448,
          null,
          445,
          null,
          null,
          1,
          41,
          41,
          81,
          null,
          null,
          1,
          164,
          null,
          null,
          1,
          null,
          null,
          378,
          null,
          null,
          null,
          null,
          null,
          51,
          null,
          null,
          null,
          null,
          null,
          49,
          null,
          null,
          null,
          null,
          null,
          11,
          null,
          null,
          null,
          null,
          null,
          null,
          5,
          null,
          null,
          null,
          null,
          1,
          8,
          8,
          8,
          48,
          48,
          372,
          null,
          48,
          null,
          8,
          null,
          null,
          null,
          1,
          1313,
          919,
          null,
          919,
          919,
          null,
          919,
          1862,
          934,
          null,
          928,
          928,
          928,
          null,
          null,
          919,
          919,
          null,
          null,
          1,
          null,
          2120,
          781,
          null,
          null,
          null,
          1,
          3107,
          null,
          null,
          1,
          null,
          3012,
          8515,
          2637,
          2637,
          3241,
          3241,
          1011,
          null,
          2230,
          null,
          null,
          2637,
          null,
          null
        ]
      },
      "/home/visrut/dev/loomio/app/extras/time_zone_to_city.rb": {
        "lines": [
          1,
          1,
          207,
          207,
          1,
          null,
          206,
          206,
          null,
          null,
          null,
          1,
          413,
          null,
          null,
          1,
          206,
          null,
          null,
          1,
          206,
          null,
          null,
          1,
          31312,
          206,
          null,
          null
        ]
      },
      "/home/visrut/dev/loomio/app/extras/username_generator.rb": {
        "lines": [
          1,
          1,
          null,
          1,
          6694,
          null,
          null,
          1,
          6694,
          null,
          110,
          110,
          110,
          192,
          192,
          null,
          110,
          null,
          null,
          1,
          null,
          1,
          13470,
          13366,
          104,
          104,
          null,
          0,
          null,
          null,
          null,
          1,
          13470,
          null,
          null,
          null,
          null,
          1,
          6886,
          null,
          null
        ]
      },
      "/home/visrut/dev/loomio/app/mailers/user_mailer.rb": {
        "lines": [
          1,
          1,
          4,
          null,
          null,
          null,
          null,
          null,
          1,
          2,
          2,
          2,
          null,
          null,
          null,
          null,
          null,
          1,
          0,
          0,
          0,
          0,
          null,
          null,
          null,
          null,
          null,
          1,
          4,
          4,
          4,
          null,
          4,
          3,
          1,
          0,
          null,
          1,
          null,
          null,
          4,
          4,
          null,
          4,
          null,
          null,
          null,
          null,
          4,
          null,
          4,
          null,
          4,
          4,
          null,
          4,
          3,
          3,
          null,
          null,
          null,
          null,
          null,
          null,
          1,
          5,
          5,
          null,
          5,
          null,
          null,
          null,
          null,
          null,
          null,
          1,
          1,
          1,
          1,
          1,
          null,
          1,
          null,
          null,
          null,
          null,
          null,
          null,
          null,
          1,
          1,
          1,
          1,
          null,
          null,
          null,
          null,
          null,
          1,
          11,
          11,
          11,
          null,
          null,
          null,
          null,
          null,
          1,
          0,
          null,
          0,
          null,
          null,
          null,
          null,
          null,
          null,
          null,
          null,
          null
        ]
      },
      "/home/visrut/dev/loomio/app/mailers/base_mailer.rb": {
        "lines": [
          1,
          1,
          1,
          1,
          1,
          null,
          1,
          1,
          null,
          1,
          1,
          1,
          null,
          1,
          1,
          1022,
          null,
          null,
          1,
          992,
          983,
          null,
          9,
          null,
          null,
          null,
          1,
          1021,
          1021,
          null,
          1021,
          1021,
          28,
          null,
          993,
          null,
          1021,
          null,
          null,
          0,
          null,
          null
        ]
      },
      "/home/visrut/dev/loomio/app/models/boot/user.rb": {
        "lines": [
          1,
          1,
          1,
          null,
          1,
          6,
          6,
          6,
          6,
          null,
          null,
          1,
          6,
          null,
          null,
          null,
          null,
          null,
          null,
          null,
          1,
          null,
          1,
          6,
          6,
          null,
          null,
          null,
          null,
          null
        ]
      },
      "/home/visrut/dev/loomio/app/models/comment.rb": {
        "lines": [
          1,
          1,
          1,
          1,
          1,
          1,
          1,
          1,
          1,
          1,
          null,
          1,
          471,
          471,
          null,
          null,
          null,
          null,
          null,
          null,
          null,
          null,
          null,
          null,
          null,
          null,
          null,
          null,
          null,
          null,
          null,
          null,
          null,
          null,
          null,
          null,
          null,
          null,
          null,
          null,
          null,
          null,
          null,
          null,
          null,
          null,
          null,
          1,
          null,
          1,
          1,
          1,
          null,
          1,
          1,
          1,
          null,
          1,
          null,
          1,
          null,
          1,
          1,
          null,
          1,
          1,
          null,
          1,
          1,
          null,
          1,
          null,
          1,
          1,
          1,
          1,
          1,
          1,
          1,
          1,
          1,
          1,
          1,
          1,
          null,
          6,
          null,
          1,
          0,
          null,
          null,
          1,
          623,
          null,
          null,
          1,
          null,
          null,
          null,
          1,
          null,
          null,
          null,
          1,
          2488,
          null,
          null,
          1,
          183,
          2,
          null,
          null,
          1,
          246,
          0,
          0,
          null,
          null,
          246,
          null,
          0,
          null,
          246,
          null,
          null,
          null,
          1,
          42,
          null,
          null,
          1,
          2,
          null,
          null,
          1,
          0,
          null,
          null,
          1,
          null,
          1,
          623,
          3,
          null,
          null,
          null,
          1,
          617,
          null,
          null,
          1,
          null,
          623,
          null,
          623,
          6,
          null,
          null,
          null
        ]
      },
      "/home/visrut/dev/loomio/app/models/discussion_reader.rb": {
        "lines": [
          1,
          1,
          1,
          null,
          1,
          1,
          null,
          1,
          1,
          1,
          null,
          1,
          null,
          1,
          null,
          1381,
          null,
          667,
          1,
          null,
          626,
          null,
          3,
          null,
          1,
          1,
          null,
          1,
          1342,
          1342,
          762,
          762,
          null,
          null,
          0,
          null,
          null,
          null,
          1,
          790,
          null,
          null,
          1,
          786,
          786,
          786,
          786,
          786,
          null,
          null,
          1,
          427,
          427,
          427,
          null,
          null,
          1,
          437,
          null,
          null,
          1,
          427,
          427,
          427,
          null,
          null,
          1,
          3,
          3,
          null,
          null,
          1,
          1,
          1,
          null,
          null,
          1,
          8,
          7,
          null,
          1,
          null,
          null,
          null,
          1,
          154,
          null,
          null,
          1,
          154,
          null,
          null,
          1,
          1075,
          null,
          null,
          1,
          427,
          427,
          null,
          null,
          1,
          0,
          null,
          null,
          null,
          1,
          0,
          null,
          null,
          1,
          1081,
          511,
          511,
          null,
          0,
          null,
          null,
          null,
          null,
          1,
          8,
          null,
          null,
          1,
          0,
          null,
          null,
          1,
          1,
          1,
          null,
          null
        ]
      },
      "/home/visrut/dev/loomio/app/models/discussion.rb": {
        "lines": [
          1,
          1,
          1,
          1,
          1,
          1,
          1,
          1,
          1,
          1,
          1,
          1,
          1,
          1,
          null,
          1,
          null,
          1,
          4971,
          4971,
          null,
          null,
          null,
          null,
          null,
          null,
          null,
          null,
          null,
          null,
          null,
          null,
          null,
          null,
          null,
          null,
          null,
          null,
          null,
          null,
          null,
          null,
          null,
          null,
          null,
          null,
          null,
          null,
          null,
          1,
          1,
          6,
          16,
          5,
          null,
          4583,
          1,
          null,
          4584,
          4573,
          null,
          1,
          1,
          1,
          1,
          null,
          1,
          1,
          1,
          1,
          null,
          1,
          1,
          1,
          1,
          1,
          1,
          null,
          1,
          1,
          1,
          1,
          1,
          null,
          2409,
          null,
          1,
          11,
          1,
          1,
          1,
          null,
          1,
          0,
          null,
          null,
          1,
          1,
          1,
          1,
          1,
          1,
          1,
          null,
          1,
          1,
          null,
          502,
          11,
          1165,
          1575,
          502,
          null,
          1,
          1,
          1,
          1,
          1,
          null,
          1,
          null,
          null,
          null,
          1,
          42167,
          null,
          null,
          1,
          0,
          null,
          null,
          1,
          1336,
          null,
          null,
          1,
          8856,
          null,
          null,
          1,
          4549,
          null,
          null,
          null,
          null,
          null,
          null,
          1,
          86,
          null,
          null,
          null,
          null,
          null,
          null,
          1,
          577,
          null,
          null,
          1,
          64,
          1,
          null,
          63,
          null,
          null,
          null,
          1,
          0,
          0,
          null,
          0,
          null,
          null,
          null,
          1,
          null,
          null,
          null,
          1,
          1617,
          null,
          null,
          1,
          1267,
          1267,
          1267,
          1267,
          null,
          null,
          null,
          null,
          null,
          1,
          10,
          null,
          null,
          1,
          1554,
          null,
          null,
          1,
          9760,
          null,
          null,
          1,
          10,
          null,
          null,
          1,
          562,
          null,
          null,
          1,
          553,
          null,
          null,
          1,
          5,
          null,
          null,
          1,
          1042,
          null,
          null,
          1,
          5,
          null,
          null,
          1,
          6,
          null,
          null,
          null,
          1,
          2309,
          2309,
          null,
          null,
          1,
          0,
          null,
          null,
          1,
          null,
          1,
          1018,
          null,
          null,
          1,
          0,
          null,
          null,
          1,
          1553,
          1,
          null,
          null,
          1553,
          0,
          null,
          null,
          null
        ]
      },
      "/home/visrut/dev/loomio/app/models/concerns/discussion_export_relations.rb": {
        "lines": [
          1,
          1,
          null,
          1,
          1,
          1,
          1,
          1,
          1,
          1,
          1,
          1,
          1,
          1,
          1,
          null,
          1,
          1,
          1,
          1,
          null,
          null,
          1,
          0,
          null,
          null,
          null,
          null,
          null,
          null,
          null,
          null
        ]
      },
      "/home/visrut/dev/loomio/app/models/events/comment_replied_to.rb": {
        "lines": [
          1,
          1,
          1,
          null,
          1,
          5,
          null,
          null,
          1,
          null,
          1,
          5,
          null,
          null,
          1,
          10,
          null,
          null
        ]
      },
      "/home/visrut/dev/loomio/app/models/concerns/events/notify/in_app.rb": {
        "lines": [
          1,
          1,
          null,
          1,
          792,
          792,
          null,
          null,
          null,
          1,
          792,
          1730,
          null,
          null,
          1,
          null,
          1,
          2522,
          null,
          null,
          1,
          956,
          956,
          null,
          null,
          null,
          null,
          null,
          null,
          null,
          null,
          null,
          1,
          1898,
          null,
          null,
          null,
          1,
          951,
          null,
          null,
          null,
          null,
          null,
          1,
          null,
          954,
          null,
          954,
          null,
          null,
          null,
          1,
          954,
          null,
          null,
          1,
          954,
          null,
          null,
          1,
          1843,
          null,
          null
        ]
      },
      "/home/visrut/dev/loomio/app/models/concerns/events/notify/by_email.rb": {
        "lines": [
          1,
          1,
          941,
          941,
          null,
          null,
          null,
          1,
          940,
          965,
          null,
          null,
          null,
          1,
          0,
          null,
          null
        ]
      },
      "/home/visrut/dev/loomio/app/models/events/invitation_accepted.rb": {
        "lines": [
          1,
          1,
          1,
          null,
          1,
          11,
          null,
          null,
          1,
          null,
          1,
          11,
          null,
          null,
          1,
          10,
          null,
          null,
          1,
          5,
          null,
          null
        ]
      },
      "/home/visrut/dev/loomio/app/models/concerns/events/live_update.rb": {
        "lines": [
          1,
          1,
          850,
          850,
          null,
          null,
          null,
          1,
          850,
          850,
          835,
          null,
          850,
          568,
          16,
          null,
          null,
          null,
          null
        ]
      },
      "/home/visrut/dev/loomio/app/models/events/new_comment.rb": {
        "lines": [
          1,
          1,
          1,
          1,
          1,
          null,
          1,
          183,
          183,
          null,
          null,
          183,
          null,
          null,
          null,
          null,
          null,
          1,
          1,
          184,
          null,
          null,
          null,
          null,
          null
        ]
      },
      "/home/visrut/dev/loomio/app/models/concerns/events/notify/mentions.rb": {
        "lines": [
          1,
          1,
          829,
          829,
          null,
          null,
          null,
          1,
          798,
          27,
          27,
          27,
          0,
          null,
          null,
          null,
          27,
          null,
          null,
          1,
          null,
          null,
          1,
          573,
          null,
          null
        ]
      },
      "/home/visrut/dev/loomio/app/models/concerns/events/notify/chatbots.rb": {
        "lines": [
          1,
          1,
          901,
          901,
          null,
          null
        ]
      },
      "/home/visrut/dev/loomio/app/models/events/new_coordinator.rb": {
        "lines": [
          1,
          1,
          null,
          1,
          2,
          null,
          null,
          1,
          null,
          1,
          2,
          null,
          null
        ]
      },
      "/home/visrut/dev/loomio/app/models/login_token.rb": {
        "lines": [
          1,
          1,
          1,
          null,
          1,
          28,
          null,
          1,
          null,
          1,
          null,
          1,
          8,
          null,
          null,
          1,
          6,
          null,
          null,
          1,
          46,
          null,
          null,
          1,
          27,
          27,
          31,
          null,
          27,
          null,
          null
        ]
      },
      "/home/visrut/dev/loomio/app/models/membership_request.rb": {
        "lines": [
          1,
          1,
          null,
          1,
          1,
          1,
          null,
          1,
          null,
          1,
          null,
          1,
          1,
          1,
          1,
          1,
          null,
          1,
          null,
          1,
          2,
          2,
          1,
          null,
          1,
          1,
          1,
          1,
          1,
          null,
          1,
          1,
          null,
          1,
          0,
          null,
          null,
          1,
          0,
          null,
          null,
          1,
          0,
          null,
          null,
          1,
          12,
          null,
          null,
          1,
          1,
          null,
          null,
          1,
          1,
          null,
          null,
          1,
          null,
          1,
          58,
          3,
          null,
          null,
          null,
          1,
          58,
          3,
          null,
          null,
          null,
          1,
          116,
          null,
          null,
          1,
          46,
          null,
          null,
          1,
          46,
          null,
          null,
          1,
          3,
          null,
          null,
          1,
          3,
          null,
          null,
          1,
          13,
          13,
          13,
          13,
          null,
          null
        ]
      },
      "/home/visrut/dev/loomio/app/models/outcome.rb": {
        "lines": [
          1,
          1,
          1,
          1,
          1,
          1,
          1,
          1,
          1,
          1,
          1,
          null,
          1,
          149,
          149,
          null,
          null,
          null,
          null,
          null,
          null,
          null,
          null,
          null,
          null,
          null,
          null,
          null,
          null,
          null,
          null,
          null,
          null,
          null,
          null,
          null,
          null,
          null,
          null,
          null,
          null,
          null,
          null,
          null,
          null,
          null,
          null,
          null,
          1,
          null,
          1,
          null,
          1936,
          1,
          1,
          1,
          1,
          1,
          1,
          1,
          null,
          null,
          1,
          null,
          13,
          null,
          1,
          1,
          null,
          1,
          2,
          1,
          1,
          null,
          1,
          3,
          null,
          null,
          null,
          null,
          null,
          null,
          1,
          0,
          null,
          null,
          1,
          80,
          null,
          null,
          1,
          0,
          null,
          null,
          1,
          0,
          null,
          null,
          1,
          0,
          null,
          null,
          1,
          34,
          null,
          null,
          1,
          8,
          null,
          null,
          null,
          null,
          1,
          59,
          8,
          null,
          null,
          1,
          123,
          1,
          null,
          null
        ]
      },
      "/home/visrut/dev/loomio/app/models/poll_option.rb": {
        "lines": [
          1,
          1,
          null,
          1,
          1,
          null,
          1,
          9619,
          null,
          1,
          null,
          1,
          null,
          1,
          4809,
          8268,
          null,
          null,
          null,
          null,
          null,
          1,
          8192,
          null,
          null,
          null,
          null,
          null,
          null,
          null,
          null,
          null,
          null,
          null,
          1,
          9659,
          null,
          2560,
          null,
          null,
          null,
          null,
          null,
          7099,
          null,
          null,
          null,
          1,
          null,
          null,
          1870,
          86,
          null,
          2991,
          null,
          null,
          null,
          1,
          1870,
          987,
          null,
          null
        ]
      },
      "/home/visrut/dev/loomio/app/models/stance_choice.rb": {
        "lines": [
          1,
          1,
          1,
          1,
          1,
          null,
          1,
          1,
          912,
          null,
          1,
          8340,
          1,
          0,
          null,
          null,
          null,
          1,
          0,
          null,
          null,
          1,
          0,
          null,
          null,
          1,
          1,
          911,
          null,
          901,
          0,
          null,
          null,
          901,
          0,
          null,
          null,
          null
        ]
      },
      "/home/visrut/dev/loomio/app/models/stance.rb": {
        "lines": [
          1,
          1,
          1,
          1,
          1,
          1,
          1,
          1,
          null,
          1,
          1,
          null,
          1,
          634,
          634,
          null,
          null,
          null,
          null,
          null,
          null,
          null,
          null,
          null,
          null,
          null,
          null,
          null,
          null,
          null,
          null,
          null,
          null,
          null,
          null,
          null,
          null,
          null,
          null,
          null,
          null,
          null,
          null,
          null,
          null,
          null,
          null,
          null,
          null,
          null,
          null,
          null,
          1,
          1,
          1,
          1,
          1,
          null,
          1,
          null,
          1,
          1,
          null,
          1,
          1,
          null,
          1,
          null,
          1,
          null,
          1,
          null,
          1,
          1,
          null,
          1,
          21336,
          1,
          1,
          1,
          1,
          1,
          1,
          1,
          291,
          1,
          47,
          2323,
          1270,
          21,
          null,
          3,
          1,
          2,
          null,
          null,
          1,
          1,
          1,
          1,
          1,
          1,
          null,
          1,
          9,
          null,
          null,
          1,
          null,
          1,
          1,
          null,
          1,
          53,
          null,
          null,
          null,
          null,
          null,
          null,
          null,
          null,
          1,
          310,
          null,
          310,
          null,
          310,
          null,
          null,
          null,
          1,
          3,
          null,
          null,
          1,
          580,
          null,
          null,
          1,
          1485,
          null,
          null,
          1,
          1,
          null,
          null,
          1,
          578,
          null,
          null,
          1,
          245,
          null,
          null,
          1,
          80,
          null,
          null,
          1,
          0,
          null,
          null,
          1,
          378,
          null,
          null,
          null,
          null,
          null,
          null,
          null,
          1,
          0,
          null,
          null,
          1,
          0,
          null,
          null,
          1,
          259,
          null,
          null,
          1,
          33,
          null,
          null,
          1,
          445,
          445,
          398,
          917,
          null,
          null,
          null,
          47,
          47,
          48,
          null,
          null,
          null,
          null,
          1,
          2552,
          2552,
          null,
          null,
          1,
          104,
          null,
          null,
          1,
          0,
          null,
          null,
          1,
          null,
          1,
          0,
          0,
          0,
          0,
          null,
          null,
          1,
          0,
          0,
          0,
          0,
          null,
          null,
          1,
          2574,
          437,
          153,
          0,
          null,
          null,
          1,
          2574,
          437,
          278,
          5,
          null,
          null,
          1,
          2574,
          437,
          178,
          0,
          null,
          null,
          1,
          2574,
          437,
          112,
          112,
          3,
          null,
          null,
          1,
          2574,
          437,
          437,
          1,
          null,
          null,
          1,
          2574,
          437,
          0,
          0,
          null,
          null
        ]
      },
      "/home/visrut/dev/loomio/app/queries/discussion_query.rb": {
        "lines": [
          1,
          1,
          158,
          null,
          null,
          null,
          null,
          null,
          null,
          1,
          4,
          null,
          null,
          null,
          1,
          4,
          null,
          null,
          null,
          null,
          null,
          1,
          null,
          null,
          null,
          null,
          null,
          null,
          null,
          null,
          null,
          150,
          0,
          null,
          null,
          150,
          null,
          null,
          null,
          null,
          null,
          null,
          null,
          150,
          150,
          150,
          150,
          null,
          150,
          7,
          null,
          null,
          null,
          150,
          null,
          null,
          1,
          7,
          0,
          0,
          7,
          null,
          null,
          null
        ]
      },
      "/home/visrut/dev/loomio/app/queries/group_query.rb": {
        "lines": [
          1,
          1,
          4,
          null,
          null,
          1,
          4,
          4,
          4,
          null,
          null,
          null,
          null,
          null
        ]
      },
      "/home/visrut/dev/loomio/app/queries/poll_query.rb": {
        "lines": [
          1,
          1,
          279,
          null,
          null,
          1,
          null,
          null,
          null,
          null,
          279,
          0,
          null,
          null,
          279,
          0,
          null,
          null,
          279,
          279,
          279,
          null,
          null,
          null,
          null,
          null,
          null,
          null,
          279,
          null,
          null,
          null,
          1,
          null,
          8,
          1,
          1,
          null,
          null,
          8,
          2,
          null,
          null,
          null,
          8,
          0,
          null,
          null,
          8,
          0,
          0,
          null,
          null,
          8,
          8,
          8,
          8,
          8,
          8,
          null,
          null
        ]
      },
      "/home/visrut/dev/loomio/app/queries/user_query.rb": {
        "lines": [
          1,
          1,
          1731,
          1731,
          13,
          null,
          null,
          null,
          null,
          1731,
          1591,
          1559,
          null,
          32,
          null,
          null,
          1591,
          null,
          null,
          null,
          1591,
          null,
          null,
          null,
          null,
          1591,
          null,
          null,
          null,
          null,
          null,
          1731,
          1603,
          1581,
          null,
          null,
          null,
          1603,
          1200,
          null,
          null,
          null,
          null,
          1200,
          null,
          null,
          null,
          null,
          null,
          1603,
          795,
          null,
          null,
          null,
          null,
          null,
          1731,
          null,
          null,
          1,
          1704,
          9468,
          null,
          null,
          null,
          1,
          27,
          94,
          null,
          27,
          null,
          null
        ]
      },
      "/home/visrut/dev/loomio/app/services/discussion_reader_service.rb": {
        "lines": [
          1,
          1,
          2,
          1,
          null,
          0,
          null,
          null,
          null,
          0,
          null,
          null
        ]
      },
      "/home/visrut/dev/loomio/app/services/event_service.rb": {
        "lines": [
          1,
          1,
          0,
          0,
          0,
          null,
          0,
          0,
          0,
          null,
          0,
          0,
          null,
          null,
          1,
          null,
          null,
          null,
          null,
          7,
          7,
          null,
          7,
          6,
          5,
          null,
          null,
          1,
          25,
          25,
          null,
          null,
          25,
          0,
          null,
          null,
          null,
          null,
          0,
          null,
          null,
          25,
          null,
          null,
          25,
          25,
          25,
          null,
          25,
          null,
          25,
          25,
          37,
          37,
          null,
          null,
          25,
          null,
          null,
          null,
          null,
          null,
          null,
          null,
          null,
          null,
          null,
          null,
          null,
          null,
          null,
          25,
          25,
          25,
          null,
          null,
          25,
          41,
          null,
          null,
          null,
          null,
          null,
          null,
          null,
          null,
          1,
          null,
          74,
          60,
          null,
          14,
          null,
          74,
          null,
          null,
          null,
          null,
          null,
          null,
          null,
          null,
          null,
          74,
          null,
          null,
          1,
          0,
          0,
          null,
          null,
          null
        ]
      },
      "/home/visrut/dev/loomio/app/services/group_export_service.rb": {
        "lines": [
          1,
          null,
          1,
          null,
          null,
          null,
          null,
          null,
          null,
          null,
          null,
          null,
          null,
          null,
          null,
          null,
          null,
          null,
          null,
          null,
          null,
          1,
          null,
          null,
          null,
          null,
          null,
          null,
          null,
          null,
          null,
          null,
          null,
          null,
          null,
          1,
          null,
          null,
          null,
          null,
          null,
          null,
          null,
          null,
          null,
          null,
          null,
          null,
          null,
          null,
          null,
          null,
          null,
          null,
          null,
          null,
          null,
          null,
          null,
          null,
          null,
          null,
          null,
          null,
          null,
          null,
          null,
          null,
          null,
          null,
          null,
          null,
          null,
          null,
          null,
          null,
          null,
          null,
          null,
          null,
          null,
          null,
          null,
          null,
          null,
          null,
          null,
          null,
          null,
          null,
          null,
          null,
          null,
          null,
          null,
          null,
          null,
          null,
          null,
          null,
          null,
          null,
          null,
          null,
          null,
          1,
          0,
          0,
          0,
          0,
          0,
          0,
          0,
          0,
          0,
          0,
          null,
          null,
          null,
          null,
          null,
          null,
          null,
          null,
          null,
          0,
          0,
          null,
          null,
[...]
          0,
          0,
          0,
          0,
          null,
          0,
          0,
          0,
          0,
          0,
          0,
          0,
          null,
          0,
          0,
          0,
          0,
          0,
          0,
          0,
          0,
          0,
          0,
          0,
          null,
          0,
          0,
          0,
          null,
          0,
          0,
          null,
          0,
          null,
          0,
          null,
          0,
          0,
          0,
          0,
          null,
          0,
          0,
          0,
          null,
          0,
          0,
          null,
          0,
          0,
          0,
          null,
          0,
          0,
          0
        ],
        "branches": {}
      },
      "/home/visrut/dev/loomio/app/services/report_service.rb": {
        "lines": [
          0,
          0,
          0,
          0,
          0,
          0,
          0,
          0,
          null,
          0,
          0,
          0,
          0,
          0,
          0,
          0,
          0,
          0,
          0,
          0,
          0,
          0,
          0,
          null,
          0,
          0,
          0,
          0,
          0,
          0,
          null,
          null,
          0,
          0,
          0,
          null,
          0,
          0,
          0,
          0,
          0,
          0,
          0,
          0,
          0,
          0,
          null,
          0,
          0,
          0,
          0,
          0,
          0,
          0,
          0,
          0,
          0,
          0,
          null,
          0,
          0,
          0,
          0,
          0,
          0,
          0,
          0,
          0,
          0,
          null,
          0,
          0,
          0,
          0,
          0,
          0,
          0,
          0,
          0,
          0,
          0,
          0,
          0,
          null,
          0,
          0,
          0,
          0,
          0,
          0,
          0,
          0,
          0,
          0,
          0,
          null,
          0,
          0,
          0,
          0,
          0,
          0,
          0,
          0,
          0,
          null,
          0,
          0,
          0,
          0,
          0,
          0,
          0,
          0,
          0,
          null,
          0,
          0,
          0,
          0,
          0,
          0,
          0,
          0,
          0,
          null,
          0,
          0,
          0,
          0,
          0,
          0,
          0,
          0,
          0,
          null,
          0,
          0,
          0,
          0,
          0,
          0,
          0,
          0,
          0,
          null,
          0,
          0,
          0,
          0,
          0,
          0,
          0,
          0,
          0,
          null,
          0,
          0,
          0,
          0,
          0,
          0,
          0,
          null,
          0,
          0,
          0,
          0,
          0,
          0,
          0,
          null,
          0,
          0,
          0,
          0,
          0,
          0,
          null,
          0,
          0,
          0,
          null,
          0,
          0,
          0,
          0,
          0,
          0,
          0,
          0,
          0,
          0,
          null,
          0,
          0,
          0,
          0,
          0,
          0,
          0,
          0,
          0,
          0,
          0,
          null,
          0,
          0,
          0,
          0,
          0,
          0,
          0,
          0,
          0,
          0,
          null,
          0,
          0,
          0,
          0,
          0,
          0,
          0,
          0,
          0,
          0,
          0,
          null,
          0,
          0,
          0,
          0,
          0,
          0,
          0,
          0,
          0,
          0,
          0,
          0,
          0,
          0,
          null,
          0,
          0,
          0,
          null,
          0,
          0,
          0,
          0,
          0,
          0,
          0,
          0,
          0,
          null,
          0,
          0,
          0,
          0,
          0,
          0,
          0,
          0,
          null,
          0,
          0,
          0,
          0,
          0,
          0,
          0,
          0,
          null,
          0,
          0,
          0,
          0,
          0,
          0,
          0,
          0,
          0,
          null,
          0,
          0,
          0,
          0,
          0,
          0,
          0,
          0,
          0,
          null,
          0,
          0,
          0,
          0,
          0,
          0,
          0,
          null,
          0,
          0,
          0,
          0,
          0,
          0,
          0,
          0,
          null,
          0,
          0,
          0,
          0,
          0,
          0,
          null,
          0,
          0,
          0,
          0,
          null,
          0,
          0,
          0,
          0,
          0,
          0,
          0,
          0,
          0,
          0,
          0,
          null,
          0,
          0,
          0,
          0,
          0,
          0,
          0,
          0,
          0,
          0,
          0,
          0,
          null,
          0,
          0,
          0,
          0,
          0,
          0,
          0,
          0,
          0,
          0,
          0,
          null,
          0,
          0,
          0,
          0,
          0,
          0,
          0,
          0,
          0,
          0,
          0,
          0,
          null,
          0,
          0,
          0,
          0,
          0,
          0,
          0,
          0,
          0,
          0,
          0,
          0,
          0,
          0,
          0,
          null,
          0,
          0,
          0,
          null,
          0,
          0,
          0,
          0,
          0,
          0,
          0,
          0,
          0,
          0,
          null,
          0,
          0,
          0,
          0,
          0,
          0,
          0,
          0,
          0,
          null,
          0,
          0,
          0,
          0,
          0,
          0,
          0,
          0,
          0,
          null,
          0,
          0,
          0,
          0,
          0,
          0,
          0,
          0,
          0,
          0,
          null,
          0,
          0,
          0,
          0,
          0,
          0,
          0,
          0,
          0,
          0,
          null,
          0,
          0,
          0,
          0,
          0,
          0,
          0,
          null,
          0,
          0,
          0,
          0
        ],
        "branches": {}
      },
      "/home/visrut/dev/loomio/app/validators/email_validator.rb": {
        "lines": [
          0,
          0,
          0,
          0,
          0,
          0,
          0
        ],
        "branches": {}
      },
      "/home/visrut/dev/loomio/app/workers/accept_membership_worker.rb": {
        "lines": [
          0,
          0,
          null,
          0,
          0,
          0,
          0,
          0,
          0
        ],
        "branches": {}
      },
      "/home/visrut/dev/loomio/app/workers/add_group_id_to_documents_worker.rb": {
        "lines": [
          0,
          0,
          null,
          0,
          0,
          0,
          0,
          0,
          0
        ],
        "branches": {}
      },
      "/home/visrut/dev/loomio/app/workers/add_heading_ids_worker.rb": {
        "lines": [
          0,
          0,
          null,
          0,
          0,
          0,
          0,
          0,
          0,
          0,
          0,
          0,
          0,
          0,
          0,
          0,
          0,
          0,
          0,
          0
        ],
        "branches": {}
      },
      "/home/visrut/dev/loomio/app/workers/announce_discussion_worker.rb": {
        "lines": [
          0,
          0,
          null,
          0,
          0,
          0,
          0,
          0,
          0,
          0,
          0
        ],
        "branches": {}
      },
      "/home/visrut/dev/loomio/app/workers/append_transcript_worker.rb": {
        "lines": [
          0,
          0,
          null,
          0,
          0,
          null,
          0,
          0,
          0,
          0,
          0,
          0,
          0,
          0,
          0
        ],
        "branches": {}
      },
      "/home/visrut/dev/loomio/app/workers/attach_document_worker.rb": {
        "lines": [
          0,
          0,
          null,
          0,
          0,
          0,
          0,
          0,
          0,
          0,
          0,
          0,
          0,
          0,
          0
        ],
        "branches": {}
      },
      "/home/visrut/dev/loomio/app/workers/convert_discussion_templates_worker.rb": {
        "lines": [
          0,
          0,
          null,
          0,
          0,
          0,
          0,
          0,
          0,
          0,
          0,
          0,
          0,
          0,
          0,
          0,
          0,
          0,
          0,
          0,
          0,
          null,
          0,
          0,
          null,
          0,
          null,
          0,
          0,
          0,
          0,
          null,
          0,
          0,
          0,
          0,
          null,
          0,
          0,
          0,
          0
        ],
        "branches": {}
      },
      "/home/visrut/dev/loomio/app/workers/convert_poll_stances_in_discussion_worker.rb": {
        "lines": [
          0,
          0,
          0,
          null,
          0,
          0,
          0,
          0,
          0,
          0,
          0,
          0,
          0,
          0,
          0,
          0,
          0
        ],
        "branches": {}
      },
      "/home/visrut/dev/loomio/app/workers/destroy_discussion_worker.rb": {
        "lines": [
          0,
          0,
          null,
          0,
          0,
          0,
          0
        ],
        "branches": {}
      },
      "/home/visrut/dev/loomio/app/workers/destroy_tag_worker.rb": {
        "lines": [
          0,
          0,
          null,
          0,
          0,
          0,
          null,
          0,
          0,
          null,
          0,
          0,
          0,
          null,
          0,
          0,
          0,
          0,
          null,
          0,
          0,
          0
        ],
        "branches": {}
      },
      "/home/visrut/dev/loomio/app/workers/download_attachment_worker.rb": {
        "lines": [
          0,
          0,
          null,
          0,
          0,
          0,
          0
        ],
        "branches": {}
      },
      "/home/visrut/dev/loomio/app/workers/fix_stances_missing_from_threads_worker.rb": {
        "lines": [
          0,
          0,
          0,
          0,
          0,
          0,
          0,
          0,
          0,
          0,
          0,
          0,
          0
        ],
        "branches": {}
      },
      "/home/visrut/dev/loomio/app/workers/geo_location_worker.rb": {
        "lines": [
          0,
          0,
          null,
          0,
          0,
          null,
          0,
          null,
          0,
          0,
          0,
          0,
          null,
          0,
          0,
          0,
          0,
          0,
          0,
          0,
          0
        ],
        "branches": {}
      },
      "/home/visrut/dev/loomio/app/workers/group_export_csv_worker.rb": {
        "lines": [
          0,
          0,
          null,
          0,
          0,
          0,
          0,
          0,
          0,
          0,
          0,
          0,
          0,
          0,
          0
        ],
        "branches": {}
      },
      "/home/visrut/dev/loomio/app/workers/migrate_guest_on_discussion_readers_and_stances.rb": {
        "lines": [
          0,
          0,
          null,
          0,
          0,
          null,
          0,
          0,
          0,
          0,
          0,
          0,
          null,
          0,
          0,
          0,
          0,
          0,
          0,
          0,
          0
        ],
        "branches": {}
      },
      "/home/visrut/dev/loomio/app/workers/migrate_poll_templates_worker.rb": {
        "lines": [
          0,
          0,
          null,
          0,
          0,
          0,
          null,
          0,
          0,
          0,
          0,
          0,
          0,
          0,
          0,
          0,
          0,
          0,
          0,
          0,
          0,
          0,
          0,
          0,
          0,
          0,
          0,
          0,
          0,
          0,
          0,
          0,
          0,
          0,
          0,
          0,
          0,
          0,
          0,
          0,
          null,
          0,
          null,
          0,
          0,
          0,
          0,
          0,
          0,
          0,
          0,
          null,
          0,
          null,
          0,
          0,
          0
        ],
        "branches": {}
      },
      "/home/visrut/dev/loomio/app/workers/migrate_tags_worker.rb": {
        "lines": [
          0,
          0,
          null,
          0,
          0,
          0,
          0,
          0,
          0,
          0,
          0,
          0,
          0,
          null,
          0,
          0,
          0,
          0,
          0,
          0,
          0,
          0,
          null,
          0,
          0,
          0,
          0
        ],
        "branches": {}
      },
      "/home/visrut/dev/loomio/app/workers/remove_poll_expired_from_threads_worker.rb": {
        "lines": [
          0,
          0,
          0,
          null,
          0,
          0,
          0,
          0,
          0,
          0,
          0,
          0
        ],
        "branches": {}
      },
      "/home/visrut/dev/loomio/app/workers/reset_poll_stance_data_worker.rb": {
        "lines": [
          0,
          0,
          0,
          null,
          0,
          0,
          null,
          0,
          0,
          0,
          0
        ],
        "branches": {}
      },
      "/home/visrut/dev/loomio/app/workers/revoke_memberships_of_deactivated_users_worker.rb": {
        "lines": [
          0,
          0,
          null,
          0,
          0,
          0,
          0,
          0,
          0,
          0,
          0,
          0
        ],
        "branches": {}
      },
      "/home/visrut/dev/loomio/app/workers/update_blocked_domains_worker.rb": {
        "lines": [
          0,
          0,
          null,
          0,
          0,
          0,
          0,
          0,
          0,
          0,
          0,
          0,
          0,
          0,
          0,
          null,
          null
        ],
        "branches": {}
      },
      "/home/visrut/dev/loomio/app/workers/update_poll_counts_worker.rb": {
        "lines": [
          0,
          0,
          0,
          null,
          0,
          0,
          0,
          0,
          0
        ],
        "branches": {}
      },
      "/home/visrut/dev/loomio/lib/analyzers/transcription_analyzer.rb": {
        "lines": [
          null,
          0,
          0,
          0,
          0,
          null,
          0,
          null,
          0,
          0,
          0,
          0,
          0,
          0,
          null,
          0,
          0,
          0,
          0,
          0,
          0
        ],
        "branches": {}
      },
      "/home/visrut/dev/loomio/lib/event_bus.rb": {
        "lines": [
          0,
          null,
          0,
          0,
          0,
          null,
          0,
          0,
          0,
          null,
          0,
          0,
          0,
          null,
          0,
          0,
          0,
          null,
          0,
          0,
          0,
          null,
          0,
          0,
          0,
          0,
          null,
          0
        ],
        "branches": {}
      },
      "/home/visrut/dev/loomio/lib/pie_chart.rb": {
        "lines": [
          0,
          null,
          0,
          0,
          null,
          0,
          0,
          0,
          0,
          0,
          0,
          0,
          null,
          0,
          0,
          0,
          null,
          0,
          0,
          0,
          0,
          0,
          0,
          0,
          0,
          0,
          null,
          0,
          0,
          0,
          0,
          0,
          0,
          null,
          0,
          0,
          0,
          0,
          0,
          0,
          0,
          0,
          0,
          0,
          0,
          0,
          0,
          0,
          0,
          0,
          0,
          0
        ],
        "branches": {}
      },
      "/home/visrut/dev/loomio/lib/slack_mrkdwn.rb": {
        "lines": [
          null,
          null,
          0,
          null,
          0,
          0,
          0,
          0,
          0,
          0,
          0,
          null,
          null,
          0,
          null,
          0,
          null,
          0,
          0,
          null,
          0,
          null,
          0,
          null,
          null,
          0,
          null,
          0,
          null,
          null,
          0,
          null,
          0,
          0,
          0,
          0,
          0,
          0,
          null,
          null,
          0,
          0,
          0,
          null,
          0,
          0,
          0,
          null,
          null,
          0,
          0,
          0,
          null,
          null,
          0,
          0,
          0,
          null,
          null,
          0,
          0,
          0,
          null,
          null,
          0,
          0,
          0,
          null,
          null,
          0,
          0,
          0,
          null,
          null,
          0,
          0,
          0,
          null,
          null,
          0,
          0,
          0,
          null,
          null,
          0,
          0,
          0,
          null,
          null,
          0,
          0,
          0,
          null,
          null,
          0,
          0,
          0,
          0,
          0,
          null,
          null,
          0,
          0,
          0,
          0,
          0,
          0,
          0,
          null,
          null,
          0,
          0,
          0,
          null,
          0,
          0,
          0,
          0,
          0,
          null,
          null,
          0,
          0,
          0,
          null,
          0,
          0,
          0,
          null,
          0,
          null,
          0,
          0,
          0,
          0,
          0,
          0,
          0,
          0,
          null,
          0,
          0,
          0,
          null,
          0,
          0,
          0,
          0,
          0,
          0,
          0,
          0,
          null,
          0,
          0,
          0,
          null,
          0,
          0,
          0,
          null,
          0,
          0,
          0,
          null,
          0,
          0,
          0,
          0
        ],
        "branches": {}
      },
      "/home/visrut/dev/loomio/lib/version.rb": {
        "lines": [
          0,
          0,
          0,
          0,
          0,
          0,
          0
        ],
        "branches": {}
      }
    },
    "timestamp": 1721131548
  }
}
